<?xml version="1.0" encoding="UTF-8"?>
<!-- Generated by org.testng.reporters.JUnitReportReporter -->
<testsuite hostname="User-pc" failures="0" tests="1" name="test.day2" time="0.007" errors="0" timestamp="2021-10-17T09:30:01 IST" skipped="0">
  <testcase classname="test.day2" name="testMethod2" time="0.007"/>
  <system-out/>
</testsuite> <!-- test.day2 -->
