<?xml version="1.0" encoding="UTF-8"?>
<!-- Generated by org.testng.reporters.JUnitReportReporter -->
<testsuite hostname="User-pc" failures="0" tests="3" name="test.day1" time="0.004" errors="0" timestamp="2021-10-17T09:30:01 IST" skipped="0">
  <testcase classname="test.day1" name="webLogin" time="0.001"/>
  <system-out/>
  <testcase classname="test.day1" name="apiLogin" time="0.002"/>
  <system-out/>
  <testcase classname="test.day1" name="mobileLogin" time="0.001"/>
  <system-out/>
</testsuite> <!-- test.day1 -->
